<?xml version="1.0" encoding="UTF-8"?>
<!-- Generated by org.testng.reporters.JUnitXMLReporter -->
<testsuite hostname="LAPTOP-P09V1KSC" ignored="4" name="Test" tests="2" failures="0" timestamp="21 Jan 2022 11:20:08 GMT" time="0.088" errors="0">
  <testcase name="@BeforeClass configBC" time="0.0" classname="com.crm.GenericLibrary.Baseclass">
    <failure type="org.testng.TestNGException" message="
Parameter &amp;apos;browser&amp;apos; is required by BeforeClass on method configBC but has not been marked @Optional or defined
in E:\eclipse\Comcast_selenium_framework\regionalRegression.xml">
      <![CDATA[org.testng.TestNGException: 
Parameter 'browser' is required by BeforeClass on method configBC but has not been marked @Optional or defined
in E:\eclipse\Comcast_selenium_framework\regionalRegression.xml
... Removed 23 stack frames]]>
    </failure>
  </testcase> <!-- @BeforeClass configBC -->
  <testcase name="@BeforeMethod configBM" time="0.0" classname="com.crm.GenericLibrary.Baseclass">
    <skipped/>
  </testcase> <!-- @BeforeMethod configBM -->
  <testcase name="@AfterMethod configAM" time="0.0" classname="com.crm.GenericLibrary.Baseclass">
    <skipped/>
  </testcase> <!-- @AfterMethod configAM -->
  <testcase name="@AfterClass configAC" time="0.0" classname="com.crm.GenericLibrary.Baseclass">
    <skipped/>
  </testcase> <!-- @AfterClass configAC -->
  <testcase name="@BeforeClass configBC" time="0.0" classname="com.crm.GenericLibrary.Baseclass">
    <failure type="org.testng.TestNGException" message="
Parameter &amp;apos;browser&amp;apos; is required by BeforeClass on method configBC but has not been marked @Optional or defined
in E:\eclipse\Comcast_selenium_framework\regionalRegression.xml">
      <![CDATA[org.testng.TestNGException: 
Parameter 'browser' is required by BeforeClass on method configBC but has not been marked @Optional or defined
in E:\eclipse\Comcast_selenium_framework\regionalRegression.xml
... Removed 23 stack frames]]>
    </failure>
  </testcase> <!-- @BeforeClass configBC -->
  <testcase name="@BeforeMethod configBM" time="0.0" classname="com.crm.GenericLibrary.Baseclass">
    <skipped/>
  </testcase> <!-- @BeforeMethod configBM -->
  <testcase name="@AfterMethod configAM" time="0.0" classname="com.crm.GenericLibrary.Baseclass">
    <skipped/>
  </testcase> <!-- @AfterMethod configAM -->
  <testcase name="@AfterClass configAC" time="0.0" classname="com.crm.GenericLibrary.Baseclass">
    <skipped/>
  </testcase> <!-- @AfterClass configAC -->
  <testcase name="createOrgWithInd" time="0.0" classname="com.crm.comcast_OrganisationPOMTest.Organisation">
    <skipped/>
  </testcase> <!-- createOrgWithInd -->
  <testcase name="createContactTest" time="0.0" classname="com.crm.comcast.contactTest.ContactTest">
    <skipped/>
  </testcase> <!-- createContactTest -->
  <testcase name="createContactWithOrgTest" time="0.0" classname="com.crm.comcast.contactTest.ContactTest">
    <ignored/>
  </testcase> <!-- createContactWithOrgTest -->
  <testcase name="@AfterSuite configAS" time="0.0" classname="com.crm.GenericLibrary.Baseclass">
    <ignored/>
  </testcase> <!-- @AfterSuite configAS -->
  <testcase name="@BeforeSuite configBS" time="0.0" classname="com.crm.GenericLibrary.Baseclass">
    <ignored/>
  </testcase> <!-- @BeforeSuite configBS -->
  <testcase name="createOrgTest" time="0.0" classname="com.crm.comcast_OrganisationPOMTest.Organisation">
    <ignored/>
  </testcase> <!-- createOrgTest -->
</testsuite> <!-- Test -->
